{"level":"info","message":"amanraj logged in"}
{"level":"info","message":"amanraj logged in"}
{"level":"info","message":"amanraj logged in"}
{"level":"info","message":"amanraj logged in"}
{"level":"info","message":"amanraj logged in"}
{"level":"info","message":"amanraj logged in"}
{"level":"info","message":"amanraj logged in"}
{"level":"info","message":"amanraj logged in"}
{"level":"info","message":"amanraj logged in"}
{"level":"info","message":"amanraj logged in"}
{"level":"info","message":"amanraj logged in"}
{"level":"info","message":"amanraj who's role is admin logged in"}
{"level":"info","message":"amanraj who's role is admin logged in"}
{"level":"info","message":"amanraj who's role is admin logged in"}
{"level":"info","message":"amanraj who's role is admin logged in"}
{"level":"info","message":"amanraj who's role is admin logged in"}
{"level":"info","message":"amanraj who's role is admin logged in"}
{"level":"info","message":"amanraj who's role is admin logged in"}
{"level":"info","message":"amanraj who's role is admin logged in"}
{"level":"info","message":"amanraj who's role is admin logged in"}
{"level":"info","message":"amanraj who's role is admin logged in"}
{"level":"info","message":"amanraj who's role is admin logged in"}
{"level":"info","message":"amanraj who's role is admin logged in"}
{"level":"info","message":"amanraj who's role is admin logged in"}
{"level":"info","message":"amanraj who's role is admin logged in"}
{"level":"info","message":"amanraj who's role is admin logged in"}
{"level":"info","message":"amanraj who's role is admin logged in"}
{"level":"info","message":"amanraj who's role is admin logged in"}
{"level":"info","message":"amanraj who's role is admin logged in"}
{"level":"info","message":"amanraj who's role is admin logged in"}
{"level":"info","message":"amanraj who's role is admin logged in"}
{"level":"info","message":"amanraj who's role is admin logged in"}
{"level":"info","message":"amanraj who's role is admin logged in"}
{"level":"info","message":"amanraj who's role is admin logged in"}
{"level":"info","message":"amanraj who's role is admin logged in"}
{"level":"info","message":"amanraj who's role is admin logged in"}
{"level":"info","message":"amanraj who's role is admin logged in"}
{"level":"info","message":"cj who's role is explorer logged in"}
{"level":"info","message":"amanraj who's role is admin logged in"}
{"level":"info","message":"amanraj who's role is admin logged in"}
{"level":"info","message":"amanraj who's role is admin logged in"}
{"level":"info","message":"amanraj who's role is admin logged in"}
{"level":"info","message":"amanraj who's role is admin logged in"}
{"level":"info","message":"amanraj who's role is admin logged in"}
{"level":"info","message":"amanraj who's role is admin logged in"}
{"level":"info","message":"amanraj who's role is admin logged in"}
{"level":"info","message":"amanraj who's role is admin logged in"}
{"level":"info","message":"amanraj who's role is admin logged in"}
{"level":"info","message":"amanraj who's role is admin logged in"}
{"level":"info","message":"amanraj who's role is admin logged in"}
{"level":"info","message":"amanraj who's role is admin logged in"}
{"level":"info","message":"amanraj who's role is admin logged in"}
{"level":"info","message":"amanraj who's role is admin logged in"}
{"level":"info","message":"amanraj who's role is admin logged in"}
{"level":"info","message":"amanraj who's role is admin logged in"}
{"level":"info","message":"amanraj who's role is admin logged in"}
{"level":"info","message":"cj who's role is explorer logged in"}
{"level":"info","message":"amanraj who's role is admin logged in"}
{"level":"info","message":"amanraj who's role is admin logged in"}
{"level":"info","message":"amanraj who's role is admin logged in"}
{"level":"info","message":"amanraj who's role is admin logged in"}
{"level":"info","message":"aman who's role is admin logged in"}
{"level":"info","message":"aman who's role is undefined logged in"}
{"level":"info","message":"aman who's role is undefined logged in"}
{"level":"info","message":"aman who's role is undefined logged in"}
{"level":"info","message":"aman who's role is undefined logged in"}
{"level":"info","message":"aman who's role is undefined logged in"}
{"level":"info","message":"aman who's role is undefined logged in"}
{"level":"info","message":"aman who's role is undefined logged in"}
{"level":"info","message":"aman who's role is undefined logged in"}
{"level":"info","message":"aman who's role is undefined logged in"}
{"level":"info","message":"aman who's role is undefined logged in"}
{"level":"info","message":"aman who's role is undefined logged in"}
